<?xml version="1.0" encoding="UTF-8"?>
<testsuites>
  <testsuite name="CodeIgniter Application Test Suite" tests="4" assertions="4" failures="1" errors="0" time="0.095205">
    <testsuite name="Welcome_test" file="C:\xampp\htdocs\afyadata\application\tests\controllers\Welcome_test.php" fullPackage="Welcome" tests="3" assertions="3" failures="0" errors="0" time="0.068431">
      <testcase name="test_index" class="Welcome_test" file="C:\xampp\htdocs\afyadata\application\tests\controllers\Welcome_test.php" line="13" assertions="1" time="0.032287"/>
      <testcase name="test_method_404" class="Welcome_test" file="C:\xampp\htdocs\afyadata\application\tests\controllers\Welcome_test.php" line="19" assertions="1" time="0.029491"/>
      <testcase name="test_APPPATH" class="Welcome_test" file="C:\xampp\htdocs\afyadata\application\tests\controllers\Welcome_test.php" line="25" assertions="1" time="0.006653"/>
    </testsuite>
    <testsuite name="Xform_model_test" file="C:\xampp\htdocs\afyadata\application\tests\models\Xform_model_test.php" fullPackage="Xform.model" tests="1" assertions="1" failures="1" errors="0" time="0.026774">
      <testcase name="test_new_items_are_published" class="Xform_model_test" file="C:\xampp\htdocs\afyadata\application\tests\models\Xform_model_test.php" line="53" assertions="1" time="0.026774">
        <failure type="PHPUnit_Framework_ExpectationFailedException">Xform_model_test::test_new_items_are_published
Failed asserting that 5 matches expected 0.

C:\xampp\htdocs\afyadata\application\tests\models\Xform_model_test.php:55
</failure>
      </testcase>
    </testsuite>
  </testsuite>
</testsuites>
